<?xml version="1.0" encoding="UTF-8"?>
<testsuite name="model.SchoolTest" tests="1" skipped="0" failures="0" errors="0" timestamp="2021-01-26T20:29:49" hostname="LTUS120094" time="0.004">
  <properties/>
  <testcase name="generateCourse_addsFieldsToCourse_andCallsAddCourse" classname="model.SchoolTest" time="0.004"/>
  <system-out><![CDATA[]]></system-out>
  <system-err><![CDATA[]]></system-err>
</testsuite>
