<?xml version="1.0" encoding="UTF-8"?>
<testsuite name="model.SchoolTest" tests="1" skipped="0" failures="0" errors="0" timestamp="2021-01-26T20:10:20" hostname="LTUS120094" time="0.002">
  <properties/>
  <testcase name="removeCourse_removesCourseFromList_andReturnsList" classname="model.SchoolTest" time="0.002"/>
  <system-out><![CDATA[]]></system-out>
  <system-err><![CDATA[]]></system-err>
</testsuite>
